c:\users\refae\desktop\פרויקט אחרי ליטוש של עמר\חלק 3\amazon14.1.2020\amazon258\x64\debug\vc141.pdb
c:\users\refae\desktop\פרויקט אחרי ליטוש של עמר\חלק 3\amazon14.1.2020\amazon258\x64\debug\vc141.idb
c:\users\refae\desktop\פרויקט אחרי ליטוש של עמר\חלק 3\amazon14.1.2020\amazon258\x64\debug\user.obj
c:\users\refae\desktop\פרויקט אחרי ליטוש של עמר\חלק 3\amazon14.1.2020\amazon258\x64\debug\system.obj
c:\users\refae\desktop\פרויקט אחרי ליטוש של עמר\חלק 3\amazon14.1.2020\amazon258\x64\debug\sellerandbuyer.obj
c:\users\refae\desktop\פרויקט אחרי ליטוש של עמר\חלק 3\amazon14.1.2020\amazon258\x64\debug\seller.obj
c:\users\refae\desktop\פרויקט אחרי ליטוש של עמר\חלק 3\amazon14.1.2020\amazon258\x64\debug\product.obj
c:\users\refae\desktop\פרויקט אחרי ליטוש של עמר\חלק 3\amazon14.1.2020\amazon258\x64\debug\order.obj
c:\users\refae\desktop\פרויקט אחרי ליטוש של עמר\חלק 3\amazon14.1.2020\amazon258\x64\debug\main.obj
c:\users\refae\desktop\פרויקט אחרי ליטוש של עמר\חלק 3\amazon14.1.2020\amazon258\x64\debug\feedback.obj
c:\users\refae\desktop\פרויקט אחרי ליטוש של עמר\חלק 3\amazon14.1.2020\amazon258\x64\debug\date.obj
c:\users\refae\desktop\פרויקט אחרי ליטוש של עמר\חלק 3\amazon14.1.2020\amazon258\x64\debug\cart.obj
c:\users\refae\desktop\פרויקט אחרי ליטוש של עמר\חלק 3\amazon14.1.2020\amazon258\x64\debug\buyer.obj
c:\users\refae\desktop\פרויקט אחרי ליטוש של עמר\חלק 3\amazon14.1.2020\amazon258\x64\debug\address.obj
c:\users\refae\desktop\פרויקט אחרי ליטוש של עמר\חלק 3\amazon14.1.2020\amazon258\x64\debug\amazon258.exe
c:\users\refae\desktop\פרויקט אחרי ליטוש של עמר\חלק 3\amazon14.1.2020\amazon258\x64\debug\amazon258.ilk
c:\users\refae\desktop\פרויקט אחרי ליטוש של עמר\חלק 3\amazon14.1.2020\amazon258\x64\debug\amazon258.pdb
c:\users\refae\desktop\פרויקט אחרי ליטוש של עמר\חלק 3\amazon14.1.2020\amazon258\x64\debug\buyer.obj.enc
c:\users\refae\desktop\פרויקט אחרי ליטוש של עמר\חלק 3\amazon14.1.2020\amazon258\x64\debug\cart.new.obj.enc
c:\users\refae\desktop\פרויקט אחרי ליטוש של עמר\חלק 3\amazon14.1.2020\amazon258\x64\debug\feedback.new.obj.enc
c:\users\refae\desktop\פרויקט אחרי ליטוש של עמר\חלק 3\amazon14.1.2020\amazon258\x64\debug\main.new.obj.enc
c:\users\refae\desktop\פרויקט אחרי ליטוש של עמר\חלק 3\amazon14.1.2020\amazon258\x64\debug\order.obj.enc
c:\users\refae\desktop\פרויקט אחרי ליטוש של עמר\חלק 3\amazon14.1.2020\amazon258\x64\debug\product.new.obj.enc
c:\users\refae\desktop\פרויקט אחרי ליטוש של עמר\חלק 3\amazon14.1.2020\amazon258\x64\debug\seller.new.obj.enc
c:\users\refae\desktop\פרויקט אחרי ליטוש של עמר\חלק 3\amazon14.1.2020\amazon258\x64\debug\sellerandbuyer.new.obj.enc
c:\users\refae\desktop\פרויקט אחרי ליטוש של עמר\חלק 3\amazon14.1.2020\amazon258\x64\debug\system.new.obj.enc
c:\users\refae\desktop\פרויקט אחרי ליטוש של עמר\חלק 3\amazon14.1.2020\amazon258\x64\debug\amazon258.tlog\cl.command.1.tlog
c:\users\refae\desktop\פרויקט אחרי ליטוש של עמר\חלק 3\amazon14.1.2020\amazon258\x64\debug\amazon258.tlog\cl.read.1.tlog
c:\users\refae\desktop\פרויקט אחרי ליטוש של עמר\חלק 3\amazon14.1.2020\amazon258\x64\debug\amazon258.tlog\cl.write.1.tlog
c:\users\refae\desktop\פרויקט אחרי ליטוש של עמר\חלק 3\amazon14.1.2020\amazon258\x64\debug\amazon258.tlog\link.command.1.tlog
c:\users\refae\desktop\פרויקט אחרי ליטוש של עמר\חלק 3\amazon14.1.2020\amazon258\x64\debug\amazon258.tlog\link.read.1.tlog
c:\users\refae\desktop\פרויקט אחרי ליטוש של עמר\חלק 3\amazon14.1.2020\amazon258\x64\debug\amazon258.tlog\link.write.1.tlog
